0 info it worked if it ends with ok
1 verbose cli [ '/usr/local/bin/node', '/usr/local/bin/npm', 'start' ]
2 info using npm@3.10.10
3 info using node@v7.2.1
4 verbose run-script [ 'prestart', 'start', 'poststart' ]
5 info lifecycle ux-licenses@1.0.0~prestart: ux-licenses@1.0.0
6 silly lifecycle ux-licenses@1.0.0~prestart: no script for prestart, continuing
7 info lifecycle ux-licenses@1.0.0~start: ux-licenses@1.0.0
8 verbose lifecycle ux-licenses@1.0.0~start: unsafe-perm in lifecycle true
9 verbose lifecycle ux-licenses@1.0.0~start: PATH: /usr/local/lib/node_modules/npm/bin/node-gyp-bin:/Users/phonthakornphasoongneon/Downloads/project/ux-licenses/node_modules/.bin:/Users/phonthakornphasoongneon/bin/Sencha/Cmd/6.0.2.14/..:/usr/local/sbin:/usr/local/opt/php56/sbin:/Library/Frameworks/Python.framework/Versions/2.7/bin:/opt/local/bin:/opt/local/sbin:/Users/phonthakornphasoongneon/bin/Sencha/Cmd/5.0.1.231:/usr/local/bin:/usr/bin:/bin:/usr/sbin:/sbin:/opt/X11/bin:/usr/local/share/dotnet:/Users/phonthakornphasoongneon/Library/Android/sdk/platform-tools:/Users/phonthakornphasoongneon/Library/Android/sdk/tools
10 verbose lifecycle ux-licenses@1.0.0~start: CWD: /Users/phonthakornphasoongneon/Downloads/project/ux-licenses
11 silly lifecycle ux-licenses@1.0.0~start: Args: [ '-c', 'node index.js' ]
12 silly lifecycle ux-licenses@1.0.0~start: Returned: code: 1  signal: null
13 info lifecycle ux-licenses@1.0.0~start: Failed to exec start script
14 verbose stack Error: ux-licenses@1.0.0 start: `node index.js`
14 verbose stack Exit status 1
14 verbose stack     at EventEmitter.<anonymous> (/usr/local/lib/node_modules/npm/lib/utils/lifecycle.js:255:16)
14 verbose stack     at emitTwo (events.js:106:13)
14 verbose stack     at EventEmitter.emit (events.js:191:7)
14 verbose stack     at ChildProcess.<anonymous> (/usr/local/lib/node_modules/npm/lib/utils/spawn.js:40:14)
14 verbose stack     at emitTwo (events.js:106:13)
14 verbose stack     at ChildProcess.emit (events.js:191:7)
14 verbose stack     at maybeClose (internal/child_process.js:885:16)
14 verbose stack     at Process.ChildProcess._handle.onexit (internal/child_process.js:226:5)
15 verbose pkgid ux-licenses@1.0.0
16 verbose cwd /Users/phonthakornphasoongneon/Downloads/project/ux-licenses
17 error Darwin 16.6.0
18 error argv "/usr/local/bin/node" "/usr/local/bin/npm" "start"
19 error node v7.2.1
20 error npm  v3.10.10
21 error code ELIFECYCLE
22 error ux-licenses@1.0.0 start: `node index.js`
22 error Exit status 1
23 error Failed at the ux-licenses@1.0.0 start script 'node index.js'.
23 error Make sure you have the latest version of node.js and npm installed.
23 error If you do, this is most likely a problem with the ux-licenses package,
23 error not with npm itself.
23 error Tell the author that this fails on your system:
23 error     node index.js
23 error You can get information on how to open an issue for this project with:
23 error     npm bugs ux-licenses
23 error Or if that isn't available, you can get their info via:
23 error     npm owner ls ux-licenses
23 error There is likely additional logging output above.
24 verbose exit [ 1, true ]
